[ 2019-06-14T15:50:32+08:00 ] ::1 /tyweb/
INFO: [ app_init ] --START--
INFO: Run Behavior\BuildLiteBehavior [ RunTime:0.000000s ]
INFO: [ app_init ] --END-- [ RunTime:0.001000s ]
INFO: [ app_begin ] --START--
INFO: Run Behavior\ReadHtmlCacheBehavior [ RunTime:0.000000s ]
INFO: [ app_begin ] --END-- [ RunTime:0.000000s ]
SQL: SHOW COLUMNS FROM `tyweb_nav` [ RunTime:0.0210s ]
SQL: SELECT * FROM `tyweb_nav`  [ RunTime:0.0010s ]
SQL: SHOW COLUMNS FROM `tyweb_config` [ RunTime:0.0270s ]
SQL: SELECT * FROM `tyweb_config`  [ RunTime:0.0000s ]
SQL: SHOW COLUMNS FROM `tyweb_page` [ RunTime:0.0240s ]
SQL: SELECT * FROM `tyweb_page`  [ RunTime:0.0100s ]
SQL: SHOW COLUMNS FROM `tyweb_category` [ RunTime:0.0240s ]
SQL: SELECT * FROM `tyweb_category` WHERE ( cateid=2 )  [ RunTime:0.0010s ]
SQL: SHOW COLUMNS FROM `tyweb_news` [ RunTime:0.0060s ]
SQL: SELECT * FROM `tyweb_news` ORDER BY id DESC LIMIT 5   [ RunTime:0.0070s ]
SQL: SHOW COLUMNS FROM `tyweb_ad` [ RunTime:0.0130s ]
SQL: SELECT * FROM `tyweb_ad`  [ RunTime:0.0010s ]
SQL: SELECT * FROM `tyweb_news` WHERE ( cateid=2 ) ORDER BY id DESC LIMIT 3   [ RunTime:0.0010s ]
SQL: SELECT * FROM `tyweb_news` WHERE ( cateid=1 ) ORDER BY id DESC LIMIT 4   [ RunTime:0.0020s ]
SQL: SELECT * FROM `tyweb_news` WHERE ( cateid=2 ) ORDER BY id DESC LIMIT 2   [ RunTime:0.0010s ]
INFO: [ view_parse ] --START--
INFO: [ template_filter ] --START--
INFO: Run Behavior\ContentReplaceBehavior [ RunTime:0.001000s ]
INFO: [ template_filter ] --END-- [ RunTime:0.001000s ]
NOTIC: [8] Use of undefined constant id - assumed 'id' D:\phpStudy\WWW\tyweb\Apps\Runtime\Cache\Home\c1b498b0cfa5c400f4038e1be3827d93.php 第 56 行.
NOTIC: [8] Use of undefined constant id - assumed 'id' D:\phpStudy\WWW\tyweb\Apps\Runtime\Cache\Home\c1b498b0cfa5c400f4038e1be3827d93.php 第 56 行.
NOTIC: [8] Use of undefined constant id - assumed 'id' D:\phpStudy\WWW\tyweb\Apps\Runtime\Cache\Home\c1b498b0cfa5c400f4038e1be3827d93.php 第 56 行.
NOTIC: [8] Use of undefined constant id - assumed 'id' D:\phpStudy\WWW\tyweb\Apps\Runtime\Cache\Home\c1b498b0cfa5c400f4038e1be3827d93.php 第 56 行.
INFO: Run Behavior\ParseTemplateBehavior [ RunTime:0.013001s ]
INFO: [ view_parse ] --END-- [ RunTime:0.013001s ]
INFO: [ view_filter ] --START--
INFO: Run Behavior\WriteHtmlCacheBehavior [ RunTime:0.000000s ]
INFO: [ view_filter ] --END-- [ RunTime:0.000000s ]
INFO: [ app_end ] --START--
INFO: Run Behavior\ShowPageTraceBehavior [ RunTime:0.000000s ]
INFO: [ app_end ] --END-- [ RunTime:0.000000s ]

[ 2019-06-14T15:50:42+08:00 ] ::1 /tyweb/index.php/news
INFO: [ app_init ] --START--
INFO: Run Behavior\BuildLiteBehavior [ RunTime:0.000000s ]
INFO: [ app_init ] --END-- [ RunTime:0.010000s ]
INFO: [ app_begin ] --START--
INFO: Run Behavior\ReadHtmlCacheBehavior [ RunTime:0.000000s ]
INFO: [ app_begin ] --END-- [ RunTime:0.000000s ]
SQL: SHOW COLUMNS FROM `tyweb_nav` [ RunTime:0.0040s ]
SQL: SELECT * FROM `tyweb_nav`  [ RunTime:0.0010s ]
SQL: SHOW COLUMNS FROM `tyweb_config` [ RunTime:0.0040s ]
SQL: SELECT * FROM `tyweb_config`  [ RunTime:0.0000s ]
SQL: SHOW COLUMNS FROM `tyweb_page` [ RunTime:0.0050s ]
SQL: SELECT * FROM `tyweb_page`  [ RunTime:0.0010s ]
SQL: SHOW COLUMNS FROM `tyweb_category` [ RunTime:0.0040s ]
SQL: SELECT * FROM `tyweb_category` WHERE ( cateid=2 )  [ RunTime:0.0000s ]
SQL: SHOW COLUMNS FROM `tyweb_news` [ RunTime:0.0050s ]
SQL: SELECT * FROM `tyweb_news` ORDER BY id DESC LIMIT 5   [ RunTime:0.0000s ]
SQL: SELECT COUNT(*) AS tp_count FROM `tyweb_news` LIMIT 1   [ RunTime:0.0000s ]
SQL: SELECT * FROM `tyweb_news` ORDER BY id DESC LIMIT 0,10   [ RunTime:0.0010s ]
INFO: [ view_parse ] --START--
INFO: [ template_filter ] --START--
INFO: Run Behavior\ContentReplaceBehavior [ RunTime:0.000000s ]
INFO: [ template_filter ] --END-- [ RunTime:0.000000s ]
INFO: Run Behavior\ParseTemplateBehavior [ RunTime:0.009000s ]
INFO: [ view_parse ] --END-- [ RunTime:0.009000s ]
INFO: [ view_filter ] --START--
INFO: Run Behavior\WriteHtmlCacheBehavior [ RunTime:0.000000s ]
INFO: [ view_filter ] --END-- [ RunTime:0.000000s ]
INFO: [ app_end ] --START--
INFO: Run Behavior\ShowPageTraceBehavior [ RunTime:0.001000s ]
INFO: [ app_end ] --END-- [ RunTime:0.001000s ]

[ 2019-06-14T15:55:26+08:00 ] ::1 /tyweb/
INFO: [ app_init ] --START--
INFO: Run Behavior\BuildLiteBehavior [ RunTime:0.000000s ]
INFO: [ app_init ] --END-- [ RunTime:0.000000s ]
INFO: [ app_begin ] --START--
INFO: Run Behavior\ReadHtmlCacheBehavior [ RunTime:0.001000s ]
INFO: [ app_begin ] --END-- [ RunTime:0.001000s ]
SQL: SHOW COLUMNS FROM `tyweb_nav` [ RunTime:0.0040s ]
SQL: SELECT * FROM `tyweb_nav`  [ RunTime:0.0010s ]
SQL: SHOW COLUMNS FROM `tyweb_config` [ RunTime:0.0040s ]
SQL: SELECT * FROM `tyweb_config`  [ RunTime:0.0010s ]
SQL: SHOW COLUMNS FROM `tyweb_page` [ RunTime:0.0040s ]
SQL: SELECT * FROM `tyweb_page`  [ RunTime:0.0010s ]
SQL: SHOW COLUMNS FROM `tyweb_category` [ RunTime:0.0040s ]
SQL: SELECT * FROM `tyweb_category` WHERE ( cateid=2 )  [ RunTime:0.0010s ]
SQL: SHOW COLUMNS FROM `tyweb_news` [ RunTime:0.0050s ]
SQL: SELECT * FROM `tyweb_news` ORDER BY id DESC LIMIT 5   [ RunTime:0.0010s ]
SQL: SHOW COLUMNS FROM `tyweb_ad` [ RunTime:0.0040s ]
SQL: SELECT * FROM `tyweb_ad`  [ RunTime:0.0000s ]
SQL: SELECT * FROM `tyweb_news` WHERE ( cateid=2 ) ORDER BY id DESC LIMIT 3   [ RunTime:0.0000s ]
SQL: SELECT * FROM `tyweb_news` WHERE ( cateid=1 ) ORDER BY id DESC LIMIT 4   [ RunTime:0.0010s ]
SQL: SELECT * FROM `tyweb_news` WHERE ( cateid=2 ) ORDER BY id DESC LIMIT 2   [ RunTime:0.0010s ]
INFO: [ view_parse ] --START--
INFO: [ template_filter ] --START--
INFO: Run Behavior\ContentReplaceBehavior [ RunTime:0.000000s ]
INFO: [ template_filter ] --END-- [ RunTime:0.000000s ]
NOTIC: [8] Use of undefined constant id - assumed 'id' D:\phpStudy\WWW\tyweb\Apps\Runtime\Cache\Home\c1b498b0cfa5c400f4038e1be3827d93.php 第 56 行.
NOTIC: [8] Use of undefined constant id - assumed 'id' D:\phpStudy\WWW\tyweb\Apps\Runtime\Cache\Home\c1b498b0cfa5c400f4038e1be3827d93.php 第 56 行.
NOTIC: [8] Use of undefined constant id - assumed 'id' D:\phpStudy\WWW\tyweb\Apps\Runtime\Cache\Home\c1b498b0cfa5c400f4038e1be3827d93.php 第 56 行.
NOTIC: [8] Use of undefined constant id - assumed 'id' D:\phpStudy\WWW\tyweb\Apps\Runtime\Cache\Home\c1b498b0cfa5c400f4038e1be3827d93.php 第 56 行.
INFO: Run Behavior\ParseTemplateBehavior [ RunTime:0.008001s ]
INFO: [ view_parse ] --END-- [ RunTime:0.008001s ]
INFO: [ view_filter ] --START--
INFO: Run Behavior\WriteHtmlCacheBehavior [ RunTime:0.000000s ]
INFO: [ view_filter ] --END-- [ RunTime:0.000000s ]
INFO: [ app_end ] --START--
INFO: Run Behavior\ShowPageTraceBehavior [ RunTime:0.001000s ]
INFO: [ app_end ] --END-- [ RunTime:0.001000s ]

[ 2019-06-14T16:18:24+08:00 ] ::1 /tyweb/
INFO: [ app_init ] --START--
INFO: Run Behavior\BuildLiteBehavior [ RunTime:0.000000s ]
INFO: [ app_init ] --END-- [ RunTime:0.001000s ]
INFO: [ app_begin ] --START--
INFO: Run Behavior\ReadHtmlCacheBehavior [ RunTime:0.000000s ]
INFO: [ app_begin ] --END-- [ RunTime:0.000000s ]
SQL: SHOW COLUMNS FROM `tyweb_nav` [ RunTime:0.0060s ]
SQL: SELECT * FROM `tyweb_nav`  [ RunTime:0.0000s ]
SQL: SHOW COLUMNS FROM `tyweb_config` [ RunTime:0.0040s ]
SQL: SELECT * FROM `tyweb_config`  [ RunTime:0.0010s ]
SQL: SHOW COLUMNS FROM `tyweb_page` [ RunTime:0.0050s ]
SQL: SELECT * FROM `tyweb_page`  [ RunTime:0.0010s ]
SQL: SHOW COLUMNS FROM `tyweb_category` [ RunTime:0.0050s ]
SQL: SELECT * FROM `tyweb_category` WHERE ( cateid=2 )  [ RunTime:0.0010s ]
SQL: SHOW COLUMNS FROM `tyweb_news` [ RunTime:0.0050s ]
SQL: SELECT * FROM `tyweb_news` ORDER BY id DESC LIMIT 5   [ RunTime:0.0010s ]
SQL: SHOW COLUMNS FROM `tyweb_ad` [ RunTime:0.0050s ]
SQL: SELECT * FROM `tyweb_ad`  [ RunTime:0.0000s ]
SQL: SELECT * FROM `tyweb_news` WHERE ( cateid=2 ) ORDER BY id DESC LIMIT 3   [ RunTime:0.0000s ]
SQL: SELECT * FROM `tyweb_news` WHERE ( cateid=1 ) ORDER BY id DESC LIMIT 4   [ RunTime:0.0000s ]
SQL: SELECT * FROM `tyweb_news` WHERE ( cateid=2 ) ORDER BY id DESC LIMIT 2   [ RunTime:0.0010s ]
INFO: [ view_parse ] --START--
INFO: [ template_filter ] --START--
INFO: Run Behavior\ContentReplaceBehavior [ RunTime:0.001000s ]
INFO: [ template_filter ] --END-- [ RunTime:0.001000s ]
NOTIC: [8] Use of undefined constant id - assumed 'id' D:\phpStudy\WWW\tyweb\Apps\Runtime\Cache\Home\c1b498b0cfa5c400f4038e1be3827d93.php 第 56 行.
NOTIC: [8] Use of undefined constant id - assumed 'id' D:\phpStudy\WWW\tyweb\Apps\Runtime\Cache\Home\c1b498b0cfa5c400f4038e1be3827d93.php 第 56 行.
NOTIC: [8] Use of undefined constant id - assumed 'id' D:\phpStudy\WWW\tyweb\Apps\Runtime\Cache\Home\c1b498b0cfa5c400f4038e1be3827d93.php 第 56 行.
NOTIC: [8] Use of undefined constant id - assumed 'id' D:\phpStudy\WWW\tyweb\Apps\Runtime\Cache\Home\c1b498b0cfa5c400f4038e1be3827d93.php 第 56 行.
INFO: Run Behavior\ParseTemplateBehavior [ RunTime:0.009001s ]
INFO: [ view_parse ] --END-- [ RunTime:0.009001s ]
INFO: [ view_filter ] --START--
INFO: Run Behavior\WriteHtmlCacheBehavior [ RunTime:0.000000s ]
INFO: [ view_filter ] --END-- [ RunTime:0.000000s ]
INFO: [ app_end ] --START--
INFO: Run Behavior\ShowPageTraceBehavior [ RunTime:0.001000s ]
INFO: [ app_end ] --END-- [ RunTime:0.001000s ]

[ 2019-06-14T16:35:17+08:00 ] ::1 /tyweb/index.php/case
INFO: [ app_init ] --START--
INFO: Run Behavior\BuildLiteBehavior [ RunTime:0.000000s ]
INFO: [ app_init ] --END-- [ RunTime:0.000000s ]
INFO: [ app_begin ] --START--
INFO: Run Behavior\ReadHtmlCacheBehavior [ RunTime:0.000000s ]
INFO: [ app_begin ] --END-- [ RunTime:0.000000s ]
SQL: SHOW COLUMNS FROM `tyweb_nav` [ RunTime:0.0060s ]
SQL: SELECT * FROM `tyweb_nav`  [ RunTime:0.0010s ]
SQL: SHOW COLUMNS FROM `tyweb_config` [ RunTime:0.0040s ]
SQL: SELECT * FROM `tyweb_config`  [ RunTime:0.0010s ]
SQL: SHOW COLUMNS FROM `tyweb_page` [ RunTime:0.0050s ]
SQL: SELECT * FROM `tyweb_page`  [ RunTime:0.0010s ]
SQL: SHOW COLUMNS FROM `tyweb_category` [ RunTime:0.0040s ]
SQL: SELECT * FROM `tyweb_category` WHERE ( cateid=2 )  [ RunTime:0.0010s ]
SQL: SHOW COLUMNS FROM `tyweb_news` [ RunTime:0.0050s ]
SQL: SELECT * FROM `tyweb_news` ORDER BY id DESC LIMIT 5   [ RunTime:0.0010s ]
SQL: SHOW COLUMNS FROM `tyweb_case` [ RunTime:0.0130s ]
SQL: SELECT COUNT(*) AS tp_count FROM `tyweb_case` LIMIT 1   [ RunTime:0.0000s ]
SQL: SELECT * FROM `tyweb_case` LIMIT 0,6   [ RunTime:0.0010s ]
INFO: [ view_parse ] --START--
INFO: [ template_filter ] --START--
INFO: Run Behavior\ContentReplaceBehavior [ RunTime:0.001000s ]
INFO: [ template_filter ] --END-- [ RunTime:0.001000s ]
INFO: Run Behavior\ParseTemplateBehavior [ RunTime:0.009001s ]
INFO: [ view_parse ] --END-- [ RunTime:0.009001s ]
INFO: [ view_filter ] --START--
INFO: Run Behavior\WriteHtmlCacheBehavior [ RunTime:0.000000s ]
INFO: [ view_filter ] --END-- [ RunTime:0.000000s ]
INFO: [ app_end ] --START--
INFO: Run Behavior\ShowPageTraceBehavior [ RunTime:0.001000s ]
INFO: [ app_end ] --END-- [ RunTime:0.001000s ]

[ 2019-06-14T16:39:39+08:00 ] ::1 /tyweb/index.php/cased
INFO: [ app_init ] --START--
INFO: Run Behavior\BuildLiteBehavior [ RunTime:0.000000s ]
INFO: [ app_init ] --END-- [ RunTime:0.001000s ]
INFO: [ app_begin ] --START--
INFO: Run Behavior\ReadHtmlCacheBehavior [ RunTime:0.001000s ]
INFO: [ app_begin ] --END-- [ RunTime:0.001000s ]
ERR: 无法加载控制器:Cased

[ 2019-06-14T16:39:43+08:00 ] ::1 /tyweb/index.php/case
INFO: [ app_init ] --START--
INFO: Run Behavior\BuildLiteBehavior [ RunTime:0.000000s ]
INFO: [ app_init ] --END-- [ RunTime:0.000000s ]
INFO: [ app_begin ] --START--
INFO: Run Behavior\ReadHtmlCacheBehavior [ RunTime:0.000000s ]
INFO: [ app_begin ] --END-- [ RunTime:0.000000s ]
SQL: SHOW COLUMNS FROM `tyweb_nav` [ RunTime:0.0040s ]
SQL: SELECT * FROM `tyweb_nav`  [ RunTime:0.0000s ]
SQL: SHOW COLUMNS FROM `tyweb_config` [ RunTime:0.0050s ]
SQL: SELECT * FROM `tyweb_config`  [ RunTime:0.0010s ]
SQL: SHOW COLUMNS FROM `tyweb_page` [ RunTime:0.0040s ]
SQL: SELECT * FROM `tyweb_page`  [ RunTime:0.0010s ]
SQL: SHOW COLUMNS FROM `tyweb_category` [ RunTime:0.0040s ]
SQL: SELECT * FROM `tyweb_category` WHERE ( cateid=2 )  [ RunTime:0.0010s ]
SQL: SHOW COLUMNS FROM `tyweb_news` [ RunTime:0.0050s ]
SQL: SELECT * FROM `tyweb_news` ORDER BY id DESC LIMIT 5   [ RunTime:0.0010s ]
SQL: SHOW COLUMNS FROM `tyweb_case` [ RunTime:0.0040s ]
SQL: SELECT COUNT(*) AS tp_count FROM `tyweb_case` LIMIT 1   [ RunTime:0.0010s ]
SQL: SELECT * FROM `tyweb_case` LIMIT 0,6   [ RunTime:0.0000s ]
INFO: [ view_parse ] --START--
INFO: [ template_filter ] --START--
INFO: Run Behavior\ContentReplaceBehavior [ RunTime:0.000000s ]
INFO: [ template_filter ] --END-- [ RunTime:0.000000s ]
INFO: Run Behavior\ParseTemplateBehavior [ RunTime:0.007000s ]
INFO: [ view_parse ] --END-- [ RunTime:0.007000s ]
INFO: [ view_filter ] --START--
INFO: Run Behavior\WriteHtmlCacheBehavior [ RunTime:0.001000s ]
INFO: [ view_filter ] --END-- [ RunTime:0.001000s ]
INFO: [ app_end ] --START--
INFO: Run Behavior\ShowPageTraceBehavior [ RunTime:0.000000s ]
INFO: [ app_end ] --END-- [ RunTime:0.000000s ]

[ 2019-06-14T16:39:52+08:00 ] ::1 /tyweb/index.php/case
INFO: [ app_init ] --START--
INFO: Run Behavior\BuildLiteBehavior [ RunTime:0.000000s ]
INFO: [ app_init ] --END-- [ RunTime:0.000000s ]
INFO: [ app_begin ] --START--
INFO: Run Behavior\ReadHtmlCacheBehavior [ RunTime:0.000000s ]
INFO: [ app_begin ] --END-- [ RunTime:0.000000s ]
SQL: SHOW COLUMNS FROM `tyweb_nav` [ RunTime:0.0040s ]
SQL: SELECT * FROM `tyweb_nav`  [ RunTime:0.0010s ]
SQL: SHOW COLUMNS FROM `tyweb_config` [ RunTime:0.0040s ]
SQL: SELECT * FROM `tyweb_config`  [ RunTime:0.0010s ]
SQL: SHOW COLUMNS FROM `tyweb_page` [ RunTime:0.0050s ]
SQL: SELECT * FROM `tyweb_page`  [ RunTime:0.0010s ]
SQL: SHOW COLUMNS FROM `tyweb_category` [ RunTime:0.0050s ]
SQL: SELECT * FROM `tyweb_category` WHERE ( cateid=2 )  [ RunTime:0.0010s ]
SQL: SHOW COLUMNS FROM `tyweb_news` [ RunTime:0.0040s ]
SQL: SELECT * FROM `tyweb_news` ORDER BY id DESC LIMIT 5   [ RunTime:0.0010s ]
SQL: SHOW COLUMNS FROM `tyweb_case` [ RunTime:0.0060s ]
SQL: SELECT COUNT(*) AS tp_count FROM `tyweb_case` LIMIT 1   [ RunTime:0.0000s ]
SQL: SELECT * FROM `tyweb_case` LIMIT 0,6   [ RunTime:0.0010s ]
INFO: [ view_parse ] --START--
INFO: [ template_filter ] --START--
INFO: Run Behavior\ContentReplaceBehavior [ RunTime:0.000000s ]
INFO: [ template_filter ] --END-- [ RunTime:0.000000s ]
INFO: Run Behavior\ParseTemplateBehavior [ RunTime:0.007001s ]
INFO: [ view_parse ] --END-- [ RunTime:0.007001s ]
INFO: [ view_filter ] --START--
INFO: Run Behavior\WriteHtmlCacheBehavior [ RunTime:0.000000s ]
INFO: [ view_filter ] --END-- [ RunTime:0.000000s ]
INFO: [ app_end ] --START--
INFO: Run Behavior\ShowPageTraceBehavior [ RunTime:0.001000s ]
INFO: [ app_end ] --END-- [ RunTime:0.001000s ]

[ 2019-06-14T16:43:58+08:00 ] ::1 /tyweb/case
INFO: [ app_init ] --START--
INFO: Run Behavior\BuildLiteBehavior [ RunTime:0.000000s ]
INFO: [ app_init ] --END-- [ RunTime:0.001000s ]
INFO: [ app_begin ] --START--
INFO: Run Behavior\ReadHtmlCacheBehavior [ RunTime:0.000000s ]
INFO: [ app_begin ] --END-- [ RunTime:0.000000s ]
SQL: SHOW COLUMNS FROM `tyweb_nav` [ RunTime:0.0060s ]
SQL: SELECT * FROM `tyweb_nav`  [ RunTime:0.0010s ]
SQL: SHOW COLUMNS FROM `tyweb_config` [ RunTime:0.0050s ]
SQL: SELECT * FROM `tyweb_config`  [ RunTime:0.0010s ]
SQL: SHOW COLUMNS FROM `tyweb_page` [ RunTime:0.0040s ]
SQL: SELECT * FROM `tyweb_page`  [ RunTime:0.0010s ]
SQL: SHOW COLUMNS FROM `tyweb_category` [ RunTime:0.0050s ]
SQL: SELECT * FROM `tyweb_category` WHERE ( cateid=2 )  [ RunTime:0.0010s ]
SQL: SHOW COLUMNS FROM `tyweb_news` [ RunTime:0.0050s ]
SQL: SELECT * FROM `tyweb_news` ORDER BY id DESC LIMIT 5   [ RunTime:0.0010s ]
SQL: SHOW COLUMNS FROM `tyweb_case` [ RunTime:0.0050s ]
SQL: SELECT COUNT(*) AS tp_count FROM `tyweb_case` LIMIT 1   [ RunTime:0.0000s ]
SQL: SELECT * FROM `tyweb_case` LIMIT 0,6   [ RunTime:0.0010s ]
INFO: [ view_parse ] --START--
INFO: [ template_filter ] --START--
INFO: Run Behavior\ContentReplaceBehavior [ RunTime:0.000000s ]
INFO: [ template_filter ] --END-- [ RunTime:0.000000s ]
INFO: Run Behavior\ParseTemplateBehavior [ RunTime:0.009001s ]
INFO: [ view_parse ] --END-- [ RunTime:0.009001s ]
INFO: [ view_filter ] --START--
INFO: Run Behavior\WriteHtmlCacheBehavior [ RunTime:0.000000s ]
INFO: [ view_filter ] --END-- [ RunTime:0.000000s ]
INFO: [ app_end ] --START--
INFO: Run Behavior\ShowPageTraceBehavior [ RunTime:0.001000s ]
INFO: [ app_end ] --END-- [ RunTime:0.001000s ]

[ 2019-06-14T16:45:20+08:00 ] ::1 /tyweb/about
INFO: [ app_init ] --START--
INFO: Run Behavior\BuildLiteBehavior [ RunTime:0.000000s ]
INFO: [ app_init ] --END-- [ RunTime:0.000000s ]
INFO: [ app_begin ] --START--
INFO: Run Behavior\ReadHtmlCacheBehavior [ RunTime:0.000000s ]
INFO: [ app_begin ] --END-- [ RunTime:0.000000s ]
SQL: SHOW COLUMNS FROM `tyweb_nav` [ RunTime:0.0040s ]
SQL: SELECT * FROM `tyweb_nav`  [ RunTime:0.0000s ]
SQL: SHOW COLUMNS FROM `tyweb_config` [ RunTime:0.0040s ]
SQL: SELECT * FROM `tyweb_config`  [ RunTime:0.0000s ]
SQL: SHOW COLUMNS FROM `tyweb_page` [ RunTime:0.0040s ]
SQL: SELECT * FROM `tyweb_page`  [ RunTime:0.0010s ]
SQL: SHOW COLUMNS FROM `tyweb_category` [ RunTime:0.0040s ]
SQL: SELECT * FROM `tyweb_category` WHERE ( cateid=2 )  [ RunTime:0.0000s ]
SQL: SHOW COLUMNS FROM `tyweb_news` [ RunTime:0.0050s ]
SQL: SELECT * FROM `tyweb_news` ORDER BY id DESC LIMIT 5   [ RunTime:0.0010s ]
INFO: [ view_parse ] --START--
INFO: [ template_filter ] --START--
INFO: Run Behavior\ContentReplaceBehavior [ RunTime:0.000000s ]
INFO: [ template_filter ] --END-- [ RunTime:0.000000s ]
INFO: Run Behavior\ParseTemplateBehavior [ RunTime:0.008000s ]
INFO: [ view_parse ] --END-- [ RunTime:0.008000s ]
INFO: [ view_filter ] --START--
INFO: Run Behavior\WriteHtmlCacheBehavior [ RunTime:0.000000s ]
INFO: [ view_filter ] --END-- [ RunTime:0.000000s ]
INFO: [ app_end ] --START--
INFO: Run Behavior\ShowPageTraceBehavior [ RunTime:0.000000s ]
INFO: [ app_end ] --END-- [ RunTime:0.000000s ]

